<?xml version="1.0" encoding="UTF-8"?>
<!-- Generated by org.testng.reporters.JUnitReportReporter -->
<testsuite hostname="LAPTOP-LRNS79PC" failures="0" tests="1" name="com.selfmwk.testCases.TestCases" time="31.348" errors="0" timestamp="2022-08-31T16:58:51 CDT" skipped="0">
  <testcase classname="com.selfmwk.testCases.TestCases" name="FreeCoursesNarrowByResultsCorrectCount" time="31.348"/>
  <system-out/>
</testsuite> <!-- com.selfmwk.testCases.TestCases -->
